2025-06-05 18:24:14,501 - INFO - Starting AWE Electronics Online Store v3.1
2025-06-05 18:24:14,567 - INFO - All dependencies verified successfully
2025-06-05 18:24:14,584 - INFO - Data directory ready: data
2025-06-05 18:24:14,584 - INFO - Launching main GUI
2025-06-05 19:09:31,735 - INFO - GUI closed normally
2025-06-05 19:09:31,735 - INFO - Application shutdown normally
2025-06-05 19:10:24,279 - INFO - Starting AWE Electronics Online Store v3.1
2025-06-05 19:10:24,328 - INFO - All dependencies verified successfully
2025-06-05 19:10:24,346 - INFO - Data directory ready: data
2025-06-05 19:10:24,348 - INFO - Launching main GUI
2025-06-05 20:11:22,404 - INFO - GUI closed normally
2025-06-05 20:11:22,409 - INFO - Application shutdown normally
2025-06-05 20:13:46,859 - INFO - Starting AWE Electronics Online Store v3.1
2025-06-05 20:13:46,943 - INFO - All dependencies verified successfully
2025-06-05 20:13:46,946 - INFO - Data directory ready: data
2025-06-05 20:13:46,948 - INFO - Launching main GUI
2025-06-05 20:23:46,220 - INFO - GUI closed normally
2025-06-05 20:23:46,222 - INFO - Application shutdown normally
2025-06-05 20:26:02,641 - INFO - Starting AWE Electronics Online Store v3.1
2025-06-05 20:26:02,713 - INFO - All dependencies verified successfully
2025-06-05 20:26:02,716 - INFO - Data directory ready: data
2025-06-05 20:26:02,718 - INFO - Launching main GUI
2025-06-05 20:37:14,307 - INFO - GUI closed normally
2025-06-05 20:37:14,308 - INFO - Application shutdown normally
2025-06-05 20:42:19,327 - INFO - Starting AWE Electronics Online Store v3.1
2025-06-05 20:42:19,619 - INFO - All dependencies verified successfully
2025-06-05 20:42:19,627 - INFO - Data directory ready: data
2025-06-05 20:42:19,637 - INFO - Launching main GUI
2025-06-05 20:58:59,061 - INFO - GUI closed normally
2025-06-05 20:58:59,063 - INFO - Application shutdown normally
